<?xml version="1.0" encoding="UTF-8" ?>
<testsuite tests="6" failures="3" name="com.yourcompany.SampleSauceTest" time="0.005" errors="3" skipped="0">
  <properties>
[...]
</properties>
  <testcase classname="com.yourcompany.SampleSauceTest" name="loginTest[0]" time="0.005">
    <error message="no such element
  (Session info: chrome=40.0.2214.109)
  (Driver info: chromedriver=2.15.322439 (8e31f8da05131cf34e45f79e9b22c7b4e149f8d9),platform=Linux 3.13.0-46-generic x86) (WARNING: The server did not provide any stacktrace information)
Command duration or timeout: 133 milliseconds
For documentation on this error, please visit: http://seleniumhq.org/exceptions/no_such_element.html
Build info: version: &apos;2.45.0&apos;, revision: &apos;5017cb8e7ca8e37638dc3091b2440b90a1d8686f&apos;, time: &apos;2015-02-27 09:10:26&apos;
System info: host: &apos;Sauces-MacBook-Air-5.local&apos;, ip: &apos;10.35.5.147&apos;, os.name: &apos;Mac OS X&apos;, os.arch: &apos;x86_64&apos;, os.version: &apos;10.10.5&apos;, java.version: &apos;1.8.0_45&apos;
Driver info: org.openqa.selenium.remote.RemoteWebDriver
Capabilities [{applicationCacheEnabled=false, rotatable=false, mobileEmulationEnabled=false, chrome={}, takesHeapSnapshot=true, hasMetadata=true, databaseEnabled=false, handlesAlerts=true, version=40.0.2214.109, platform=ANDROID, browserConnectionEnabled=false, nativeEvents=true, acceptSslCerts=true, webdriver.remote.sessionid=3c8f237cd6034907bcb5cc8ce007754d, locationContextEnabled=true, webStorageEnabled=true, takesScreenshot=true, browserName=chrome, javascriptEnabled=true, cssSelectorsEnabled=true}]
Session ID: 3c8f237cd6034907bcb5cc8ce007754d
*** Element info: {Using=id, value=username}" type="org.openqa.selenium.NoSuchElementException">org.openqa.selenium.NoSuchElementException: no such element
  (Session info: chrome=40.0.2214.109)
  (Driver info: chromedriver=2.15.322439 (8e31f8da05131cf34e45f79e9b22c7b4e149f8d9),platform=Linux 3.13.0-46-generic x86) (WARNING: The server did not provide any stacktrace information)
Command duration or timeout: 133 milliseconds
For documentation on this error, please visit: http://seleniumhq.org/exceptions/no_such_element.html
Build info: version: &apos;2.45.0&apos;, revision: &apos;5017cb8e7ca8e37638dc3091b2440b90a1d8686f&apos;, time: &apos;2015-02-27 09:10:26&apos;
System info: host: &apos;Sauces-MacBook-Air-5.local&apos;, ip: &apos;10.35.5.147&apos;, os.name: &apos;Mac OS X&apos;, os.arch: &apos;x86_64&apos;, os.version: &apos;10.10.5&apos;, java.version: &apos;1.8.0_45&apos;
Driver info: org.openqa.selenium.remote.RemoteWebDriver
Capabilities [{applicationCacheEnabled=false, rotatable=false, mobileEmulationEnabled=false, chrome={}, takesHeapSnapshot=true, hasMetadata=true, databaseEnabled=false, handlesAlerts=true, version=40.0.2214.109, platform=ANDROID, browserConnectionEnabled=false, nativeEvents=true, acceptSslCerts=true, webdriver.remote.sessionid=3c8f237cd6034907bcb5cc8ce007754d, locationContextEnabled=true, webStorageEnabled=true, takesScreenshot=true, browserName=chrome, javascriptEnabled=true, cssSelectorsEnabled=true}]
Session ID: 3c8f237cd6034907bcb5cc8ce007754d
*** Element info: {Using=id, value=username}
	at sun.reflect.NativeConstructorAccessorImpl.newInstance0(Native Method)
	at sun.reflect.NativeConstructorAccessorImpl.newInstance(NativeConstructorAccessorImpl.java:62)
	at sun.reflect.DelegatingConstructorAccessorImpl.newInstance(DelegatingConstructorAccessorImpl.java:45)
	at java.lang.reflect.Constructor.newInstance(Constructor.java:422)
	at org.openqa.selenium.remote.ErrorHandler.createThrowable(ErrorHandler.java:204)
	at org.openqa.selenium.remote.ErrorHandler.throwIfResponseFailed(ErrorHandler.java:156)
	at org.openqa.selenium.remote.RemoteWebDriver.execute(RemoteWebDriver.java:599)
	at org.openqa.selenium.remote.RemoteWebDriver.findElement(RemoteWebDriver.java:352)
	at org.openqa.selenium.remote.RemoteWebDriver.findElementById(RemoteWebDriver.java:393)
	at org.openqa.selenium.By$ById.findElement(By.java:214)
	at org.openqa.selenium.remote.RemoteWebDriver.findElement(RemoteWebDriver.java:344)
	at com.yourcompany.SampleSauceTest.loginTest(SampleSauceTest.java:167)
	at sun.reflect.NativeMethodAccessorImpl.invoke0(Native Method)
	at sun.reflect.NativeMethodAccessorImpl.invoke(NativeMethodAccessorImpl.java:62)
	at sun.reflect.DelegatingMethodAccessorImpl.invoke(DelegatingMethodAccessorImpl.java:43)
	at java.lang.reflect.Method.invoke(Method.java:497)
	at org.junit.runners.model.FrameworkMethod$1.runReflectiveCall(FrameworkMethod.java:47)
	at org.junit.internal.runners.model.ReflectiveCallable.run(ReflectiveCallable.java:12)
	at org.junit.runners.model.FrameworkMethod.invokeExplosively(FrameworkMethod.java:44)
	at org.junit.internal.runners.statements.InvokeMethod.evaluate(InvokeMethod.java:17)
	at org.junit.internal.runners.statements.RunBefores.evaluate(RunBefores.java:26)
	at org.junit.internal.runners.statements.RunAfters.evaluate(RunAfters.java:27)
	at org.junit.rules.TestWatcher$1.evaluate(TestWatcher.java:55)
	at org.junit.rules.RunRules.evaluate(RunRules.java:20)
	at org.junit.runners.ParentRunner.runLeaf(ParentRunner.java:271)
	at org.junit.runners.BlockJUnit4ClassRunner.runChild(BlockJUnit4ClassRunner.java:70)
	at com.saucelabs.junit.ConcurrentParameterized$SauceClassRunnerForParameters.access$300(ConcurrentParameterized.java:170)
	at com.saucelabs.junit.ConcurrentParameterized$SauceClassRunnerForParameters$2.run(ConcurrentParameterized.java:287)
	at com.saucelabs.junit.ConcurrentParameterized$NonBlockingAsynchronousRunner$1.call(ConcurrentParameterized.java:312)
	at java.util.concurrent.FutureTask.run(FutureTask.java:266)
	at java.util.concurrent.ThreadPoolExecutor.runWorker(ThreadPoolExecutor.java:1142)
	at java.util.concurrent.ThreadPoolExecutor$Worker.run(ThreadPoolExecutor.java:617)
	at java.lang.Thread.run(Thread.java:745)
</error>
    <system-out>SauceOnDemandSessionID=3c8f237cd6034907bcb5cc8ce007754d job-name=com.yourcompany.SampleSauceTest.loginTest[0]
Job link: https://saucelabs.com/jobs/3c8f237cd6034907bcb5cc8ce007754d?auth=cf3cd2c12912e3f5ef902e97b7027810
</system-out>
  </testcase>
  <testcase classname="com.yourcompany.SampleSauceTest" name="loginTest[1]" time="0">
    <error message="no such element
  (Session info: chrome=40.0.2214.109)
  (Driver info: chromedriver=2.15.322439 (8e31f8da05131cf34e45f79e9b22c7b4e149f8d9),platform=Linux 3.13.0-46-generic x86) (WARNING: The server did not provide any stacktrace information)
Command duration or timeout: 121 milliseconds
For documentation on this error, please visit: http://seleniumhq.org/exceptions/no_such_element.html
Build info: version: &apos;2.45.0&apos;, revision: &apos;5017cb8e7ca8e37638dc3091b2440b90a1d8686f&apos;, time: &apos;2015-02-27 09:10:26&apos;
System info: host: &apos;Sauces-MacBook-Air-5.local&apos;, ip: &apos;10.35.5.147&apos;, os.name: &apos;Mac OS X&apos;, os.arch: &apos;x86_64&apos;, os.version: &apos;10.10.5&apos;, java.version: &apos;1.8.0_45&apos;
Driver info: org.openqa.selenium.remote.RemoteWebDriver
Capabilities [{applicationCacheEnabled=false, rotatable=false, mobileEmulationEnabled=false, chrome={}, takesHeapSnapshot=true, hasMetadata=true, databaseEnabled=false, handlesAlerts=true, version=40.0.2214.109, platform=ANDROID, browserConnectionEnabled=false, nativeEvents=true, acceptSslCerts=true, webdriver.remote.sessionid=cb50deadcbe04cf795d41970027210c2, locationContextEnabled=true, webStorageEnabled=true, takesScreenshot=true, browserName=chrome, javascriptEnabled=true, cssSelectorsEnabled=true}]
Session ID: cb50deadcbe04cf795d41970027210c2
*** Element info: {Using=id, value=username}" type="org.openqa.selenium.NoSuchElementException">org.openqa.selenium.NoSuchElementException: no such element
  (Session info: chrome=40.0.2214.109)
  (Driver info: chromedriver=2.15.322439 (8e31f8da05131cf34e45f79e9b22c7b4e149f8d9),platform=Linux 3.13.0-46-generic x86) (WARNING: The server did not provide any stacktrace information)
Command duration or timeout: 121 milliseconds
For documentation on this error, please visit: http://seleniumhq.org/exceptions/no_such_element.html
Build info: version: &apos;2.45.0&apos;, revision: &apos;5017cb8e7ca8e37638dc3091b2440b90a1d8686f&apos;, time: &apos;2015-02-27 09:10:26&apos;
System info: host: &apos;Sauces-MacBook-Air-5.local&apos;, ip: &apos;10.35.5.147&apos;, os.name: &apos;Mac OS X&apos;, os.arch: &apos;x86_64&apos;, os.version: &apos;10.10.5&apos;, java.version: &apos;1.8.0_45&apos;
Driver info: org.openqa.selenium.remote.RemoteWebDriver
Capabilities [{applicationCacheEnabled=false, rotatable=false, mobileEmulationEnabled=false, chrome={}, takesHeapSnapshot=true, hasMetadata=true, databaseEnabled=false, handlesAlerts=true, version=40.0.2214.109, platform=ANDROID, browserConnectionEnabled=false, nativeEvents=true, acceptSslCerts=true, webdriver.remote.sessionid=cb50deadcbe04cf795d41970027210c2, locationContextEnabled=true, webStorageEnabled=true, takesScreenshot=true, browserName=chrome, javascriptEnabled=true, cssSelectorsEnabled=true}]
Session ID: cb50deadcbe04cf795d41970027210c2
*** Element info: {Using=id, value=username}
	at sun.reflect.NativeConstructorAccessorImpl.newInstance0(Native Method)
	at sun.reflect.NativeConstructorAccessorImpl.newInstance(NativeConstructorAccessorImpl.java:62)
	at sun.reflect.DelegatingConstructorAccessorImpl.newInstance(DelegatingConstructorAccessorImpl.java:45)
	at java.lang.reflect.Constructor.newInstance(Constructor.java:422)
	at org.openqa.selenium.remote.ErrorHandler.createThrowable(ErrorHandler.java:204)
	at org.openqa.selenium.remote.ErrorHandler.throwIfResponseFailed(ErrorHandler.java:156)
	at org.openqa.selenium.remote.RemoteWebDriver.execute(RemoteWebDriver.java:599)
	at org.openqa.selenium.remote.RemoteWebDriver.findElement(RemoteWebDriver.java:352)
	at org.openqa.selenium.remote.RemoteWebDriver.findElementById(RemoteWebDriver.java:393)
	at org.openqa.selenium.By$ById.findElement(By.java:214)
	at org.openqa.selenium.remote.RemoteWebDriver.findElement(RemoteWebDriver.java:344)
	at com.yourcompany.SampleSauceTest.loginTest(SampleSauceTest.java:167)
	at sun.reflect.NativeMethodAccessorImpl.invoke0(Native Method)
	at sun.reflect.NativeMethodAccessorImpl.invoke(NativeMethodAccessorImpl.java:62)
	at sun.reflect.DelegatingMethodAccessorImpl.invoke(DelegatingMethodAccessorImpl.java:43)
	at java.lang.reflect.Method.invoke(Method.java:497)
	at org.junit.runners.model.FrameworkMethod$1.runReflectiveCall(FrameworkMethod.java:47)
	at org.junit.internal.runners.model.ReflectiveCallable.run(ReflectiveCallable.java:12)
	at org.junit.runners.model.FrameworkMethod.invokeExplosively(FrameworkMethod.java:44)
	at org.junit.internal.runners.statements.InvokeMethod.evaluate(InvokeMethod.java:17)
	at org.junit.internal.runners.statements.RunBefores.evaluate(RunBefores.java:26)
	at org.junit.internal.runners.statements.RunAfters.evaluate(RunAfters.java:27)
	at org.junit.rules.TestWatcher$1.evaluate(TestWatcher.java:55)
	at org.junit.rules.RunRules.evaluate(RunRules.java:20)
	at org.junit.runners.ParentRunner.runLeaf(ParentRunner.java:271)
	at org.junit.runners.BlockJUnit4ClassRunner.runChild(BlockJUnit4ClassRunner.java:70)
	at com.saucelabs.junit.ConcurrentParameterized$SauceClassRunnerForParameters.access$300(ConcurrentParameterized.java:170)
	at com.saucelabs.junit.ConcurrentParameterized$SauceClassRunnerForParameters$2.run(ConcurrentParameterized.java:287)
	at com.saucelabs.junit.ConcurrentParameterized$NonBlockingAsynchronousRunner$1.call(ConcurrentParameterized.java:312)
	at java.util.concurrent.FutureTask.run(FutureTask.java:266)
	at java.util.concurrent.ThreadPoolExecutor.runWorker(ThreadPoolExecutor.java:1142)
	at java.util.concurrent.ThreadPoolExecutor$Worker.run(ThreadPoolExecutor.java:617)
	at java.lang.Thread.run(Thread.java:745)
</error>
    <system-out>SauceOnDemandSessionID=cb50deadcbe04cf795d41970027210c2 job-name=com.yourcompany.SampleSauceTest.loginTest[1]
Job link: https://saucelabs.com/jobs/cb50deadcbe04cf795d41970027210c2?auth=79cce42a1fdf7f913e60aa5273dd86c5
</system-out>
  </testcase>
  <testcase classname="com.yourcompany.SampleSauceTest" name="verifyTitleTest[0]" time="0">
    <failure message="expected:&lt;...ing, JS Unit Testing[ and More]&gt; but was:&lt;...ing, JS Unit Testing[]&gt;" type="org.junit.ComparisonFailure">org.junit.ComparisonFailure: expected:&lt;...ing, JS Unit Testing[ and More]&gt; but was:&lt;...ing, JS Unit Testing[]&gt;
	at org.junit.Assert.assertEquals(Assert.java:115)
	at org.junit.Assert.assertEquals(Assert.java:144)
	at com.yourcompany.SampleSauceTest.verifyTitleTest(SampleSauceTest.java:151)
	at sun.reflect.NativeMethodAccessorImpl.invoke0(Native Method)
	at sun.reflect.NativeMethodAccessorImpl.invoke(NativeMethodAccessorImpl.java:62)
	at sun.reflect.DelegatingMethodAccessorImpl.invoke(DelegatingMethodAccessorImpl.java:43)
	at java.lang.reflect.Method.invoke(Method.java:497)
	at org.junit.runners.model.FrameworkMethod$1.runReflectiveCall(FrameworkMethod.java:47)
	at org.junit.internal.runners.model.ReflectiveCallable.run(ReflectiveCallable.java:12)
	at org.junit.runners.model.FrameworkMethod.invokeExplosively(FrameworkMethod.java:44)
	at org.junit.internal.runners.statements.InvokeMethod.evaluate(InvokeMethod.java:17)
	at org.junit.internal.runners.statements.RunBefores.evaluate(RunBefores.java:26)
	at org.junit.internal.runners.statements.RunAfters.evaluate(RunAfters.java:27)
	at org.junit.rules.TestWatcher$1.evaluate(TestWatcher.java:55)
	at org.junit.rules.RunRules.evaluate(RunRules.java:20)
	at org.junit.runners.ParentRunner.runLeaf(ParentRunner.java:271)
	at org.junit.runners.BlockJUnit4ClassRunner.runChild(BlockJUnit4ClassRunner.java:70)
	at com.saucelabs.junit.ConcurrentParameterized$SauceClassRunnerForParameters.access$300(ConcurrentParameterized.java:170)
	at com.saucelabs.junit.ConcurrentParameterized$SauceClassRunnerForParameters$2.run(ConcurrentParameterized.java:287)
	at com.saucelabs.junit.ConcurrentParameterized$NonBlockingAsynchronousRunner$1.call(ConcurrentParameterized.java:312)
	at java.util.concurrent.FutureTask.run(FutureTask.java:266)
	at java.util.concurrent.ThreadPoolExecutor.runWorker(ThreadPoolExecutor.java:1142)
	at java.util.concurrent.ThreadPoolExecutor$Worker.run(ThreadPoolExecutor.java:617)
	at java.lang.Thread.run(Thread.java:745)
</failure>
    <system-out>SauceOnDemandSessionID=5cf03c95dbdf417cbbf297e1bdc9703c job-name=com.yourcompany.SampleSauceTest.verifyTitleTest[0]
Job link: https://saucelabs.com/jobs/5cf03c95dbdf417cbbf297e1bdc9703c?auth=432006288c5afa80e46ff8502cbc846a
</system-out>
  </testcase>
  <testcase classname="com.yourcompany.SampleSauceTest" name="verifyTitleTest[1]" time="0">
    <failure message="expected:&lt;...ing, JS Unit Testing[ and More]&gt; but was:&lt;...ing, JS Unit Testing[]&gt;" type="org.junit.ComparisonFailure">org.junit.ComparisonFailure: expected:&lt;...ing, JS Unit Testing[ and More]&gt; but was:&lt;...ing, JS Unit Testing[]&gt;
	at org.junit.Assert.assertEquals(Assert.java:115)
	at org.junit.Assert.assertEquals(Assert.java:144)
	at com.yourcompany.SampleSauceTest.verifyTitleTest(SampleSauceTest.java:151)
	at sun.reflect.NativeMethodAccessorImpl.invoke0(Native Method)
	at sun.reflect.NativeMethodAccessorImpl.invoke(NativeMethodAccessorImpl.java:62)
	at sun.reflect.DelegatingMethodAccessorImpl.invoke(DelegatingMethodAccessorImpl.java:43)
	at java.lang.reflect.Method.invoke(Method.java:497)
	at org.junit.runners.model.FrameworkMethod$1.runReflectiveCall(FrameworkMethod.java:47)
	at org.junit.internal.runners.model.ReflectiveCallable.run(ReflectiveCallable.java:12)
	at org.junit.runners.model.FrameworkMethod.invokeExplosively(FrameworkMethod.java:44)
	at org.junit.internal.runners.statements.InvokeMethod.evaluate(InvokeMethod.java:17)
	at org.junit.internal.runners.statements.RunBefores.evaluate(RunBefores.java:26)
	at org.junit.internal.runners.statements.RunAfters.evaluate(RunAfters.java:27)
	at org.junit.rules.TestWatcher$1.evaluate(TestWatcher.java:55)
	at org.junit.rules.RunRules.evaluate(RunRules.java:20)
	at org.junit.runners.ParentRunner.runLeaf(ParentRunner.java:271)
	at org.junit.runners.BlockJUnit4ClassRunner.runChild(BlockJUnit4ClassRunner.java:70)
	at com.saucelabs.junit.ConcurrentParameterized$SauceClassRunnerForParameters.access$300(ConcurrentParameterized.java:170)
	at com.saucelabs.junit.ConcurrentParameterized$SauceClassRunnerForParameters$2.run(ConcurrentParameterized.java:287)
	at com.saucelabs.junit.ConcurrentParameterized$NonBlockingAsynchronousRunner$1.call(ConcurrentParameterized.java:312)
	at java.util.concurrent.FutureTask.run(FutureTask.java:266)
	at java.util.concurrent.ThreadPoolExecutor.runWorker(ThreadPoolExecutor.java:1142)
	at java.util.concurrent.ThreadPoolExecutor$Worker.run(ThreadPoolExecutor.java:617)
	at java.lang.Thread.run(Thread.java:745)
</failure>
    <system-out>SauceOnDemandSessionID=77659dc1436240a8b77af3d7c3644263 job-name=com.yourcompany.SampleSauceTest.verifyTitleTest[1]
Job link: https://saucelabs.com/jobs/77659dc1436240a8b77af3d7c3644263?auth=c407b32c5bdd78b9a46d676512075300
</system-out>
  </testcase>
  <testcase classname="com.yourcompany.SampleSauceTest" name="loginTest[2]" time="0">
    <error type="java.lang.NullPointerException">java.lang.NullPointerException
	at com.yourcompany.SampleSauceTest.tearDown(SampleSauceTest.java:182)
	at sun.reflect.NativeMethodAccessorImpl.invoke0(Native Method)
	at sun.reflect.NativeMethodAccessorImpl.invoke(NativeMethodAccessorImpl.java:62)
	at sun.reflect.DelegatingMethodAccessorImpl.invoke(DelegatingMethodAccessorImpl.java:43)
	at java.lang.reflect.Method.invoke(Method.java:497)
	at org.junit.runners.model.FrameworkMethod$1.runReflectiveCall(FrameworkMethod.java:47)
	at org.junit.internal.runners.model.ReflectiveCallable.run(ReflectiveCallable.java:12)
	at org.junit.runners.model.FrameworkMethod.invokeExplosively(FrameworkMethod.java:44)
	at org.junit.internal.runners.statements.RunAfters.evaluate(RunAfters.java:33)
	at org.junit.rules.TestWatcher$1.evaluate(TestWatcher.java:55)
	at org.junit.rules.RunRules.evaluate(RunRules.java:20)
	at org.junit.runners.ParentRunner.runLeaf(ParentRunner.java:271)
	at org.junit.runners.BlockJUnit4ClassRunner.runChild(BlockJUnit4ClassRunner.java:70)
	at com.saucelabs.junit.ConcurrentParameterized$SauceClassRunnerForParameters.access$300(ConcurrentParameterized.java:170)
	at com.saucelabs.junit.ConcurrentParameterized$SauceClassRunnerForParameters$2.run(ConcurrentParameterized.java:287)
	at com.saucelabs.junit.ConcurrentParameterized$NonBlockingAsynchronousRunner$1.call(ConcurrentParameterized.java:312)
	at java.util.concurrent.FutureTask.run(FutureTask.java:266)
	at java.util.concurrent.ThreadPoolExecutor.runWorker(ThreadPoolExecutor.java:1142)
	at java.util.concurrent.ThreadPoolExecutor$Worker.run(ThreadPoolExecutor.java:617)
	at java.lang.Thread.run(Thread.java:745)
</error>
  </testcase>
  <testcase classname="com.yourcompany.SampleSauceTest" name="verifyTitleTest[2]" time="0">
    <failure message="expected:&lt;...ing, JS Unit Testing[ and More]&gt; but was:&lt;...ing, JS Unit Testing[]&gt;" type="org.junit.ComparisonFailure">org.junit.ComparisonFailure: expected:&lt;...ing, JS Unit Testing[ and More]&gt; but was:&lt;...ing, JS Unit Testing[]&gt;
	at org.junit.Assert.assertEquals(Assert.java:115)
	at org.junit.Assert.assertEquals(Assert.java:144)
	at com.yourcompany.SampleSauceTest.verifyTitleTest(SampleSauceTest.java:151)
	at sun.reflect.NativeMethodAccessorImpl.invoke0(Native Method)
	at sun.reflect.NativeMethodAccessorImpl.invoke(NativeMethodAccessorImpl.java:62)
	at sun.reflect.DelegatingMethodAccessorImpl.invoke(DelegatingMethodAccessorImpl.java:43)
	at java.lang.reflect.Method.invoke(Method.java:497)
	at org.junit.runners.model.FrameworkMethod$1.runReflectiveCall(FrameworkMethod.java:47)
	at org.junit.internal.runners.model.ReflectiveCallable.run(ReflectiveCallable.java:12)
	at org.junit.runners.model.FrameworkMethod.invokeExplosively(FrameworkMethod.java:44)
	at org.junit.internal.runners.statements.InvokeMethod.evaluate(InvokeMethod.java:17)
	at org.junit.internal.runners.statements.RunBefores.evaluate(RunBefores.java:26)
	at org.junit.internal.runners.statements.RunAfters.evaluate(RunAfters.java:27)
	at org.junit.rules.TestWatcher$1.evaluate(TestWatcher.java:55)
	at org.junit.rules.RunRules.evaluate(RunRules.java:20)
	at org.junit.runners.ParentRunner.runLeaf(ParentRunner.java:271)
	at org.junit.runners.BlockJUnit4ClassRunner.runChild(BlockJUnit4ClassRunner.java:70)
	at com.saucelabs.junit.ConcurrentParameterized$SauceClassRunnerForParameters.access$300(ConcurrentParameterized.java:170)
	at com.saucelabs.junit.ConcurrentParameterized$SauceClassRunnerForParameters$2.run(ConcurrentParameterized.java:287)
	at com.saucelabs.junit.ConcurrentParameterized$NonBlockingAsynchronousRunner$1.call(ConcurrentParameterized.java:312)
	at java.util.concurrent.FutureTask.run(FutureTask.java:266)
	at java.util.concurrent.ThreadPoolExecutor.runWorker(ThreadPoolExecutor.java:1142)
	at java.util.concurrent.ThreadPoolExecutor$Worker.run(ThreadPoolExecutor.java:617)
	at java.lang.Thread.run(Thread.java:745)
</failure>
    <system-out>SauceOnDemandSessionID=02c513ea5b0844118c7c990721a65d28 job-name=com.yourcompany.SampleSauceTest.verifyTitleTest[2]
Job link: https://saucelabs.com/jobs/02c513ea5b0844118c7c990721a65d28?auth=1e096bcf9a0e16a2a1c91331fe74f816
</system-out>
  </testcase>
</testsuite>